2018-02-09T08:29:22Z - Closing org.springframework.boot.context.embedded.AnnotationConfigEmbeddedWebApplicationContext@68a5c5a0: startup date [Sun Feb 04 13:11:48 JST 2018]; root of context hierarchy
2018-02-09T08:29:22Z - Unregistering JMX-exposed beans on shutdown
2018-02-09T08:29:22Z - Closing JPA EntityManagerFactory for persistence unit 'default'
2018-02-09T20:44:55Z - Starting BasketApplication on wtakahashi-no-MacBook-Air.local with PID 37468 (/Users/wtakahashi/work/eclipse_workspace/spring_workspace/basket/BasketClub/target/classes started by wtakahashi in /Users/wtakahashi/work/eclipse_workspace/spring_workspace/basket/BasketClub)
2018-02-09T20:44:55Z - The following profiles are active: dev
2018-02-09T20:44:55Z - Refreshing org.springframework.boot.context.embedded.AnnotationConfigEmbeddedWebApplicationContext@694f5b93: startup date [Fri Feb 09 20:44:55 JST 2018]; root of context hierarchy
2018-02-09T20:44:57Z - Overriding bean definition for bean 'dataSource' with a different definition: replacing [Root bean: class [null]; scope=; abstract=false; lazyInit=false; autowireMode=3; dependencyCheck=0; autowireCandidate=true; primary=false; factoryBeanName=appConfig; factoryMethodName=dataSource; initMethodName=null; destroyMethodName=(inferred); defined in class path resource [jp/wat/basket/AppConfig.class]] with [Root bean: class [null]; scope=; abstract=false; lazyInit=false; autowireMode=3; dependencyCheck=0; autowireCandidate=true; primary=false; factoryBeanName=dataSourceConfiguration; factoryMethodName=dataSource; initMethodName=null; destroyMethodName=(inferred); defined in class path resource [jp/wat/basket/service/DataSourceConfiguration.class]]
2018-02-09T20:44:57Z - Overriding bean definition for bean 'httpRequestHandlerAdapter' with a different definition: replacing [Root bean: class [null]; scope=; abstract=false; lazyInit=false; autowireMode=3; dependencyCheck=0; autowireCandidate=true; primary=false; factoryBeanName=org.springframework.boot.autoconfigure.web.WebMvcAutoConfiguration$EnableWebMvcConfiguration; factoryMethodName=httpRequestHandlerAdapter; initMethodName=null; destroyMethodName=(inferred); defined in class path resource [org/springframework/boot/autoconfigure/web/WebMvcAutoConfiguration$EnableWebMvcConfiguration.class]] with [Root bean: class [null]; scope=; abstract=false; lazyInit=false; autowireMode=3; dependencyCheck=0; autowireCandidate=true; primary=false; factoryBeanName=org.springframework.data.rest.webmvc.config.RepositoryRestMvcConfiguration; factoryMethodName=httpRequestHandlerAdapter; initMethodName=null; destroyMethodName=(inferred); defined in class path resource [org/springframework/data/rest/webmvc/config/RepositoryRestMvcConfiguration.class]]
2018-02-09T20:44:58Z - Bean 'org.springframework.boot.autoconfigure.validation.ValidationAutoConfiguration' of type [class org.springframework.boot.autoconfigure.validation.ValidationAutoConfiguration] is not eligible for getting processed by all BeanPostProcessors (for example: not eligible for auto-proxying)
2018-02-09T20:44:58Z - Bean 'messageConfig' of type [class jp.wat.basket.MessageConfig$$EnhancerBySpringCGLIB$$1d1a0743] is not eligible for getting processed by all BeanPostProcessors (for example: not eligible for auto-proxying)
2018-02-09T20:44:58Z - Bean 'messageSource' of type [class org.springframework.context.support.ReloadableResourceBundleMessageSource] is not eligible for getting processed by all BeanPostProcessors (for example: not eligible for auto-proxying)
2018-02-09T20:44:58Z - Bean 'validator' of type [class org.springframework.validation.beanvalidation.LocalValidatorFactoryBean] is not eligible for getting processed by all BeanPostProcessors (for example: not eligible for auto-proxying)
2018-02-09T20:44:58Z - Bean 'org.springframework.transaction.annotation.ProxyTransactionManagementConfiguration' of type [class org.springframework.transaction.annotation.ProxyTransactionManagementConfiguration$$EnhancerBySpringCGLIB$$2eab4331] is not eligible for getting processed by all BeanPostProcessors (for example: not eligible for auto-proxying)
2018-02-09T20:44:59Z - Tomcat initialized with port(s): 8080 (http)
2018-02-09T20:44:59Z - Starting service Tomcat
2018-02-09T20:44:59Z - Starting Servlet Engine: Apache Tomcat/8.5.11
2018-02-09T20:44:59Z - Initializing Spring embedded WebApplicationContext
2018-02-09T20:44:59Z - Root WebApplicationContext: initialization completed in 3958 ms
2018-02-09T20:44:59Z - Mapping filter: 'characterEncodingFilter' to: [/*]
2018-02-09T20:44:59Z - Mapping filter: 'hiddenHttpMethodFilter' to: [/*]
2018-02-09T20:44:59Z - Mapping filter: 'httpPutFormContentFilter' to: [/*]
2018-02-09T20:44:59Z - Mapping filter: 'requestContextFilter' to: [/*]
2018-02-09T20:44:59Z - Mapping filter: 'springSecurityFilterChain' to: [/*]
2018-02-09T20:44:59Z - Mapping servlet: 'dispatcherServlet' to [/]
2018-02-09T20:45:00Z - Loaded JDBC driver: com.mysql.jdbc.Driver
2018-02-09T20:45:00Z - Building JPA container EntityManagerFactory for persistence unit 'default'
2018-02-09T20:45:00Z - HHH000204: Processing PersistenceUnitInfo [
	name: default
	...]
2018-02-09T20:45:00Z - HHH000412: Hibernate Core {4.3.8.Final}
2018-02-09T20:45:00Z - HHH000206: hibernate.properties not found
2018-02-09T20:45:00Z - HHH000021: Bytecode provider name : javassist
2018-02-09T20:45:01Z - HCANN000001: Hibernate Commons Annotations {4.0.5.Final}
2018-02-09T20:45:01Z - HHH000400: Using dialect: org.hibernate.dialect.MySQLDialect
2018-02-09T20:45:01Z - HHH000397: Using ASTQueryTranslatorFactory
2018-02-09T20:45:02Z - Initialized JPA EntityManagerFactory for persistence unit 'default'
2018-02-09T20:45:03Z - Loading properties file from class path resource [rest-default-messages.properties]
2018-02-09T20:45:04Z - Creating filter chain: org.springframework.security.web.util.matcher.AnyRequestMatcher@1, [org.springframework.security.web.context.request.async.WebAsyncManagerIntegrationFilter@22dc171c, org.springframework.security.web.context.SecurityContextPersistenceFilter@37b6889c, org.springframework.security.web.header.HeaderWriterFilter@4296697d, org.springframework.security.web.csrf.CsrfFilter@22d95180, org.springframework.security.web.authentication.logout.LogoutFilter@68649bf8, org.springframework.security.web.authentication.UsernamePasswordAuthenticationFilter@1fe5eb7a, org.springframework.security.web.authentication.ui.DefaultLoginPageGeneratingFilter@12080a91, org.springframework.security.web.authentication.www.BasicAuthenticationFilter@6072fdba, org.springframework.security.web.savedrequest.RequestCacheAwareFilter@52a00999, org.springframework.security.web.servletapi.SecurityContextHolderAwareRequestFilter@5d76a065, org.springframework.security.web.authentication.AnonymousAuthenticationFilter@6539fe98, org.springframework.security.web.session.SessionManagementFilter@19754d9e, org.springframework.security.web.access.ExceptionTranslationFilter@395b0d96, org.springframework.security.web.access.intercept.FilterSecurityInterceptor@7da0df8c]
2018-02-09T20:45:04Z - Looking for @ControllerAdvice: org.springframework.boot.context.embedded.AnnotationConfigEmbeddedWebApplicationContext@694f5b93: startup date [Fri Feb 09 20:44:55 JST 2018]; root of context hierarchy
2018-02-09T20:45:04Z - Mapped "{[/member]}" onto public java.lang.String jp.wat.basket.controller.MemberController.index(org.springframework.ui.Model)
2018-02-09T20:45:04Z - Mapped "{[/member/regist/input],methods=[GET]}" onto public java.lang.String jp.wat.basket.controller.MemberEditController.registInput(jp.wat.basket.controller.UserInfo,org.springframework.ui.Model)
2018-02-09T20:45:04Z - Mapped "{[/member/regist/confirm],methods=[POST],params=[cancel]}" onto public java.lang.String jp.wat.basket.controller.MemberEditController.registCancel(org.springframework.ui.Model)
2018-02-09T20:45:04Z - Mapped "{[/member/regist/confirm],methods=[POST],params=[confirm]}" onto public java.lang.String jp.wat.basket.controller.MemberEditController.registConfirm(jp.wat.basket.form.MemberForm,org.springframework.validation.BindingResult,org.springframework.ui.Model)
2018-02-09T20:45:04Z - Mapped "{[/member/regist/transactfinish || /member/edit/transactfinish],methods=[POST],params=[submit]}" onto public java.lang.String jp.wat.basket.controller.MemberEditController.registComplete(jp.wat.basket.form.MemberForm,jp.wat.basket.controller.UserInfo,org.springframework.validation.BindingResult,org.springframework.web.bind.support.SessionStatus,org.springframework.ui.Model,org.springframework.web.servlet.mvc.support.RedirectAttributes)
2018-02-09T20:45:04Z - Mapped "{[/member/edit/input/{mid}],methods=[GET]}" onto public java.lang.String jp.wat.basket.controller.MemberEditController.memberEdit(java.lang.Integer,jp.wat.basket.controller.UserInfo,org.springframework.ui.Model)
2018-02-09T20:45:04Z - Mapped "{[/member/edit/confirm],methods=[POST],params=[cancel]}" onto public java.lang.String jp.wat.basket.controller.MemberEditController.editCancel(org.springframework.ui.Model)
2018-02-09T20:45:04Z - Mapped "{[/member/edit/confirm],methods=[POST],params=[confirm]}" onto public java.lang.String jp.wat.basket.controller.MemberEditController.editConfirm(jp.wat.basket.form.MemberForm,org.springframework.validation.BindingResult,org.springframework.ui.Model)
2018-02-09T20:45:04Z - Mapped "{[/member/edit/confirm || /member/confirm],methods=[GET]}" onto public java.lang.String jp.wat.basket.controller.MemberEditController.registConfirmBack(org.springframework.ui.Model)
2018-02-09T20:45:04Z - Mapped "{[/member/delete/confirm/{mid}],methods=[GET]}" onto public java.lang.String jp.wat.basket.controller.MemberEditController.deleteConfirm(java.lang.Integer,org.springframework.ui.Model)
2018-02-09T20:45:04Z - Mapped "{[/member/delete/transactfinish],methods=[POST],params=[submit]}" onto public java.lang.String jp.wat.basket.controller.MemberEditController.deleteComplete(jp.wat.basket.form.MemberForm,jp.wat.basket.controller.UserInfo,org.springframework.validation.BindingResult,org.springframework.web.bind.support.SessionStatus,org.springframework.ui.Model)
2018-02-09T20:45:04Z - Mapped "{[/schedule/edit/{month}],methods=[GET]}" onto public java.lang.String jp.wat.basket.controller.SchduleEditController.memberEdit(java.lang.Integer,jp.wat.basket.controller.UserInfo,org.springframework.ui.Model)
2018-02-09T20:45:04Z - Mapped "{[/schedule],methods=[GET]}" onto public java.lang.String jp.wat.basket.controller.ScheduleController.index(org.springframework.ui.Model)
2018-02-09T20:45:04Z - Mapped "{[/]}" onto public org.springframework.web.servlet.ModelAndView jp.wat.basket.controller.TopController.index(org.springframework.web.servlet.ModelAndView)
2018-02-09T20:45:04Z - Mapped "{[/error]}" onto public org.springframework.http.ResponseEntity<java.util.Map<java.lang.String, java.lang.Object>> org.springframework.boot.autoconfigure.web.BasicErrorController.error(javax.servlet.http.HttpServletRequest)
2018-02-09T20:45:04Z - Mapped "{[/error],produces=[text/html]}" onto public org.springframework.web.servlet.ModelAndView org.springframework.boot.autoconfigure.web.BasicErrorController.errorHtml(javax.servlet.http.HttpServletRequest,javax.servlet.http.HttpServletResponse)
2018-02-09T20:45:04Z - Mapped URL path [/webjars/**] onto handler of type [class org.springframework.web.servlet.resource.ResourceHttpRequestHandler]
2018-02-09T20:45:04Z - Mapped URL path [/**] onto handler of type [class org.springframework.web.servlet.resource.ResourceHttpRequestHandler]
2018-02-09T20:45:04Z - Detected @ExceptionHandler methods in repositoryRestExceptionHandler
2018-02-09T20:45:04Z - Mapped URL path [/**/favicon.ico] onto handler of type [class org.springframework.web.servlet.resource.ResourceHttpRequestHandler]
2018-02-09T20:45:05Z - Looking for @ControllerAdvice: org.springframework.boot.context.embedded.AnnotationConfigEmbeddedWebApplicationContext@694f5b93: startup date [Fri Feb 09 20:44:55 JST 2018]; root of context hierarchy
2018-02-09T20:45:05Z - Mapped "{[/{repository}],methods=[OPTIONS],produces=[application/hal+json || application/json || application/*+json;charset=UTF-8]}" onto public org.springframework.http.ResponseEntity<?> org.springframework.data.rest.webmvc.RepositoryEntityController.optionsForCollectionResource(org.springframework.data.rest.webmvc.RootResourceInformation)
2018-02-09T20:45:05Z - Mapped "{[/{repository}],methods=[HEAD],produces=[application/hal+json || application/json || application/*+json;charset=UTF-8]}" onto public org.springframework.http.ResponseEntity<?> org.springframework.data.rest.webmvc.RepositoryEntityController.headCollectionResource(org.springframework.data.rest.webmvc.RootResourceInformation,org.springframework.data.rest.webmvc.support.DefaultedPageable) throws org.springframework.web.HttpRequestMethodNotSupportedException
2018-02-09T20:45:05Z - Mapped "{[/{repository}],methods=[GET],produces=[application/hal+json || application/json || application/*+json;charset=UTF-8]}" onto public org.springframework.hateoas.Resources<?> org.springframework.data.rest.webmvc.RepositoryEntityController.getCollectionResource(org.springframework.data.rest.webmvc.RootResourceInformation,org.springframework.data.rest.webmvc.support.DefaultedPageable,org.springframework.data.domain.Sort,org.springframework.data.rest.webmvc.PersistentEntityResourceAssembler) throws org.springframework.data.rest.webmvc.ResourceNotFoundException,org.springframework.web.HttpRequestMethodNotSupportedException
2018-02-09T20:45:05Z - Mapped "{[/{repository}],methods=[GET],produces=[application/x-spring-data-compact+json || text/uri-list]}" onto public org.springframework.hateoas.Resources<?> org.springframework.data.rest.webmvc.RepositoryEntityController.getCollectionResourceCompact(org.springframework.data.rest.webmvc.RootResourceInformation,org.springframework.data.rest.webmvc.support.DefaultedPageable,org.springframework.data.domain.Sort,org.springframework.data.rest.webmvc.PersistentEntityResourceAssembler) throws org.springframework.data.rest.webmvc.ResourceNotFoundException,org.springframework.web.HttpRequestMethodNotSupportedException
2018-02-09T20:45:05Z - Mapped "{[/{repository}],methods=[POST],produces=[application/hal+json || application/json || application/*+json;charset=UTF-8]}" onto public org.springframework.http.ResponseEntity<org.springframework.hateoas.ResourceSupport> org.springframework.data.rest.webmvc.RepositoryEntityController.postCollectionResource(org.springframework.data.rest.webmvc.RootResourceInformation,org.springframework.data.rest.webmvc.PersistentEntityResource,org.springframework.data.rest.webmvc.PersistentEntityResourceAssembler,java.lang.String) throws org.springframework.web.HttpRequestMethodNotSupportedException
2018-02-09T20:45:05Z - Mapped "{[/{repository}/{id}],methods=[OPTIONS],produces=[application/hal+json || application/json || application/*+json;charset=UTF-8]}" onto public org.springframework.http.ResponseEntity<?> org.springframework.data.rest.webmvc.RepositoryEntityController.optionsForItemResource(org.springframework.data.rest.webmvc.RootResourceInformation)
2018-02-09T20:45:05Z - Mapped "{[/{repository}/{id}],methods=[HEAD],produces=[application/hal+json || application/json || application/*+json;charset=UTF-8]}" onto public org.springframework.http.ResponseEntity<?> org.springframework.data.rest.webmvc.RepositoryEntityController.headForItemResource(org.springframework.data.rest.webmvc.RootResourceInformation,java.io.Serializable,org.springframework.data.rest.webmvc.PersistentEntityResourceAssembler) throws org.springframework.web.HttpRequestMethodNotSupportedException
2018-02-09T20:45:05Z - Mapped "{[/{repository}/{id}],methods=[GET],produces=[application/hal+json || application/json || application/*+json;charset=UTF-8]}" onto public org.springframework.http.ResponseEntity<org.springframework.hateoas.Resource<?>> org.springframework.data.rest.webmvc.RepositoryEntityController.getItemResource(org.springframework.data.rest.webmvc.RootResourceInformation,java.io.Serializable,org.springframework.data.rest.webmvc.PersistentEntityResourceAssembler,org.springframework.http.HttpHeaders) throws org.springframework.web.HttpRequestMethodNotSupportedException
2018-02-09T20:45:05Z - Mapped "{[/{repository}/{id}],methods=[PUT],produces=[application/hal+json || application/json || application/*+json;charset=UTF-8]}" onto public org.springframework.http.ResponseEntity<? extends org.springframework.hateoas.ResourceSupport> org.springframework.data.rest.webmvc.RepositoryEntityController.putItemResource(org.springframework.data.rest.webmvc.RootResourceInformation,org.springframework.data.rest.webmvc.PersistentEntityResource,java.io.Serializable,org.springframework.data.rest.webmvc.PersistentEntityResourceAssembler,org.springframework.data.rest.webmvc.support.ETag,java.lang.String) throws org.springframework.web.HttpRequestMethodNotSupportedException
2018-02-09T20:45:05Z - Mapped "{[/{repository}/{id}],methods=[PATCH],produces=[application/hal+json || application/json || application/*+json;charset=UTF-8]}" onto public org.springframework.http.ResponseEntity<org.springframework.hateoas.ResourceSupport> org.springframework.data.rest.webmvc.RepositoryEntityController.patchItemResource(org.springframework.data.rest.webmvc.RootResourceInformation,org.springframework.data.rest.webmvc.PersistentEntityResource,java.io.Serializable,org.springframework.data.rest.webmvc.PersistentEntityResourceAssembler,org.springframework.data.rest.webmvc.support.ETag,java.lang.String) throws org.springframework.web.HttpRequestMethodNotSupportedException,org.springframework.data.rest.webmvc.ResourceNotFoundException
2018-02-09T20:45:05Z - Mapped "{[/{repository}/{id}],methods=[DELETE],produces=[application/hal+json || application/json || application/*+json;charset=UTF-8]}" onto public org.springframework.http.ResponseEntity<?> org.springframework.data.rest.webmvc.RepositoryEntityController.deleteItemResource(org.springframework.data.rest.webmvc.RootResourceInformation,java.io.Serializable,org.springframework.data.rest.webmvc.support.ETag) throws org.springframework.data.rest.webmvc.ResourceNotFoundException,org.springframework.web.HttpRequestMethodNotSupportedException
2018-02-09T20:45:05Z - Mapped "{[/{repository}/{id}/{property}],methods=[GET],produces=[application/hal+json || application/json || application/*+json;charset=UTF-8]}" onto public org.springframework.http.ResponseEntity<org.springframework.hateoas.ResourceSupport> org.springframework.data.rest.webmvc.RepositoryPropertyReferenceController.followPropertyReference(org.springframework.data.rest.webmvc.RootResourceInformation,java.io.Serializable,java.lang.String,org.springframework.data.rest.webmvc.PersistentEntityResourceAssembler) throws java.lang.Exception
2018-02-09T20:45:05Z - Mapped "{[/{repository}/{id}/{property}/{propertyId}],methods=[GET],produces=[application/hal+json || application/json || application/*+json;charset=UTF-8]}" onto public org.springframework.http.ResponseEntity<org.springframework.hateoas.ResourceSupport> org.springframework.data.rest.webmvc.RepositoryPropertyReferenceController.followPropertyReference(org.springframework.data.rest.webmvc.RootResourceInformation,java.io.Serializable,java.lang.String,java.lang.String,org.springframework.data.rest.webmvc.PersistentEntityResourceAssembler) throws java.lang.Exception
2018-02-09T20:45:05Z - Mapped "{[/{repository}/{id}/{property}],methods=[DELETE],produces=[application/hal+json || application/json || application/*+json;charset=UTF-8]}" onto public org.springframework.http.ResponseEntity<? extends org.springframework.hateoas.ResourceSupport> org.springframework.data.rest.webmvc.RepositoryPropertyReferenceController.deletePropertyReference(org.springframework.data.rest.webmvc.RootResourceInformation,java.io.Serializable,java.lang.String) throws java.lang.Exception
2018-02-09T20:45:05Z - Mapped "{[/{repository}/{id}/{property}],methods=[GET],produces=[application/x-spring-data-compact+json || text/uri-list]}" onto public org.springframework.http.ResponseEntity<org.springframework.hateoas.ResourceSupport> org.springframework.data.rest.webmvc.RepositoryPropertyReferenceController.followPropertyReferenceCompact(org.springframework.data.rest.webmvc.RootResourceInformation,java.io.Serializable,java.lang.String,org.springframework.data.rest.webmvc.PersistentEntityResourceAssembler) throws java.lang.Exception
2018-02-09T20:45:05Z - Mapped "{[/{repository}/{id}/{property}],methods=[PATCH || PUT || POST],consumes=[application/json || application/x-spring-data-compact+json || text/uri-list],produces=[application/hal+json || application/json || application/*+json;charset=UTF-8]}" onto public org.springframework.http.ResponseEntity<? extends org.springframework.hateoas.ResourceSupport> org.springframework.data.rest.webmvc.RepositoryPropertyReferenceController.createPropertyReference(org.springframework.data.rest.webmvc.RootResourceInformation,org.springframework.http.HttpMethod,org.springframework.hateoas.Resources<java.lang.Object>,java.io.Serializable,java.lang.String) throws java.lang.Exception
2018-02-09T20:45:05Z - Mapped "{[/{repository}/{id}/{property}/{propertyId}],methods=[DELETE],produces=[application/hal+json || application/json || application/*+json;charset=UTF-8]}" onto public org.springframework.http.ResponseEntity<org.springframework.hateoas.ResourceSupport> org.springframework.data.rest.webmvc.RepositoryPropertyReferenceController.deletePropertyReferenceId(org.springframework.data.rest.webmvc.RootResourceInformation,java.io.Serializable,java.lang.String,java.lang.String) throws java.lang.Exception
2018-02-09T20:45:05Z - Mapped "{[/ || ],methods=[HEAD],produces=[application/hal+json || application/json || application/*+json;charset=UTF-8]}" onto public org.springframework.http.ResponseEntity<?> org.springframework.data.rest.webmvc.RepositoryController.headForRepositories()
2018-02-09T20:45:05Z - Mapped "{[/ || ],methods=[OPTIONS],produces=[application/hal+json || application/json || application/*+json;charset=UTF-8]}" onto public org.springframework.http.HttpEntity<?> org.springframework.data.rest.webmvc.RepositoryController.optionsForRepositories()
2018-02-09T20:45:05Z - Mapped "{[/ || ],methods=[GET],produces=[application/hal+json || application/json || application/*+json;charset=UTF-8]}" onto public org.springframework.http.HttpEntity<org.springframework.data.rest.webmvc.RepositoryLinksResource> org.springframework.data.rest.webmvc.RepositoryController.listRepositories()
2018-02-09T20:45:05Z - Mapped "{[/{repository}/search],methods=[HEAD],produces=[application/hal+json || application/json || application/*+json;charset=UTF-8]}" onto public org.springframework.http.HttpEntity<?> org.springframework.data.rest.webmvc.RepositorySearchController.headForSearches(org.springframework.data.rest.webmvc.RootResourceInformation)
2018-02-09T20:45:05Z - Mapped "{[/{repository}/search],methods=[GET],produces=[application/hal+json || application/json || application/*+json;charset=UTF-8]}" onto public org.springframework.data.rest.webmvc.RepositorySearchesResource org.springframework.data.rest.webmvc.RepositorySearchController.listSearches(org.springframework.data.rest.webmvc.RootResourceInformation)
2018-02-09T20:45:05Z - Mapped "{[/{repository}/search],methods=[OPTIONS],produces=[application/hal+json || application/json || application/*+json;charset=UTF-8]}" onto public org.springframework.http.HttpEntity<?> org.springframework.data.rest.webmvc.RepositorySearchController.optionsForSearches(org.springframework.data.rest.webmvc.RootResourceInformation)
2018-02-09T20:45:05Z - Mapped "{[/{repository}/search/{search}],methods=[GET],produces=[application/hal+json || application/json || application/*+json;charset=UTF-8]}" onto public org.springframework.http.ResponseEntity<?> org.springframework.data.rest.webmvc.RepositorySearchController.executeSearch(org.springframework.data.rest.webmvc.RootResourceInformation,org.springframework.util.MultiValueMap<java.lang.String, java.lang.Object>,java.lang.String,org.springframework.data.rest.webmvc.support.DefaultedPageable,org.springframework.data.domain.Sort,org.springframework.data.rest.webmvc.PersistentEntityResourceAssembler,org.springframework.http.HttpHeaders)
2018-02-09T20:45:05Z - Mapped "{[/{repository}/search/{search}],methods=[GET],produces=[application/x-spring-data-compact+json]}" onto public org.springframework.hateoas.ResourceSupport org.springframework.data.rest.webmvc.RepositorySearchController.executeSearchCompact(org.springframework.data.rest.webmvc.RootResourceInformation,org.springframework.http.HttpHeaders,org.springframework.util.MultiValueMap<java.lang.String, java.lang.Object>,java.lang.String,java.lang.String,org.springframework.data.rest.webmvc.support.DefaultedPageable,org.springframework.data.domain.Sort,org.springframework.data.rest.webmvc.PersistentEntityResourceAssembler)
2018-02-09T20:45:05Z - Mapped "{[/{repository}/search/{search}],methods=[OPTIONS],produces=[application/hal+json || application/json || application/*+json;charset=UTF-8]}" onto public org.springframework.http.ResponseEntity<java.lang.Object> org.springframework.data.rest.webmvc.RepositorySearchController.optionsForSearch(org.springframework.data.rest.webmvc.RootResourceInformation,java.lang.String)
2018-02-09T20:45:05Z - Mapped "{[/{repository}/search/{search}],methods=[HEAD],produces=[application/hal+json || application/json || application/*+json;charset=UTF-8]}" onto public org.springframework.http.ResponseEntity<java.lang.Object> org.springframework.data.rest.webmvc.RepositorySearchController.headForSearch(org.springframework.data.rest.webmvc.RootResourceInformation,java.lang.String)
2018-02-09T20:45:05Z - Mapped "{[/profile],methods=[OPTIONS]}" onto public org.springframework.http.HttpEntity<?> org.springframework.data.rest.webmvc.ProfileController.profileOptions()
2018-02-09T20:45:05Z - Mapped "{[/profile],methods=[GET]}" onto org.springframework.http.HttpEntity<org.springframework.hateoas.ResourceSupport> org.springframework.data.rest.webmvc.ProfileController.listAllFormsOfMetadata()
2018-02-09T20:45:05Z - Mapped "{[/profile/{repository}],methods=[GET],produces=[application/schema+json]}" onto public org.springframework.http.HttpEntity<org.springframework.data.rest.webmvc.json.JsonSchema> org.springframework.data.rest.webmvc.RepositorySchemaController.schema(org.springframework.data.rest.webmvc.RootResourceInformation)
2018-02-09T20:45:05Z - Mapped "{[/profile/{repository}],methods=[GET],produces=[application/alps+json || */*]}" onto org.springframework.http.HttpEntity<org.springframework.data.rest.webmvc.RootResourceInformation> org.springframework.data.rest.webmvc.alps.AlpsController.descriptor(org.springframework.data.rest.webmvc.RootResourceInformation)
2018-02-09T20:45:05Z - Mapped "{[/profile/{repository}],methods=[OPTIONS],produces=[application/alps+json]}" onto org.springframework.http.HttpEntity<?> org.springframework.data.rest.webmvc.alps.AlpsController.alpsOptions()
2018-02-09T20:45:05Z - Detected @ExceptionHandler methods in repositoryRestExceptionHandler
2018-02-09T20:45:05Z - LiveReload server is running on port 35729
2018-02-09T20:45:05Z - Registering beans for JMX exposure on startup
2018-02-09T20:45:06Z - Tomcat started on port(s): 8080 (http)
2018-02-09T20:45:06Z - Started BasketApplication in 11.995 seconds (JVM running for 12.937)
2018-02-09T20:45:07Z - Initializing Spring FrameworkServlet 'dispatcherServlet'
2018-02-09T20:45:07Z - FrameworkServlet 'dispatcherServlet': initialization started
2018-02-09T20:45:07Z - FrameworkServlet 'dispatcherServlet': initialization completed in 34 ms
2018-02-09T20:45:16Z - select schedule0_.seq as seq1_2_, schedule0_.col1 as col2_2_, schedule0_.col2 as col3_2_, schedule0_.col3 as col4_2_, schedule0_.col4 as col5_2_, schedule0_.col5 as col6_2_, schedule0_.col6 as col7_2_, schedule0_.col7 as col8_2_, schedule0_.col8 as col9_2_, schedule0_.col9 as col10_2_, schedule0_.game_flg as game_fl11_2_, schedule0_.month as month12_2_, schedule0_.nendo as nendo13_2_, schedule0_.regist_time as regist_14_2_, schedule0_.regist_user as regist_15_2_, schedule0_.update_time as update_16_2_, schedule0_.update_user as update_17_2_ from schedule_datas schedule0_ where schedule0_.nendo=? and schedule0_.month=?
2018-02-09T20:45:16Z - binding parameter [1] as [INTEGER] - [2017]
2018-02-09T20:45:16Z - binding parameter [2] as [INTEGER] - [10]
